#
# A fatal error has been detected by the Java Runtime Environment:
#
#  SIGSEGV (0xb) at pc=0x00007fff705e05ad, pid=93834, tid=26627
#
# JRE version: Java(TM) SE Runtime Environment 18.9 (11.0.10+8) (build 11.0.10+8-LTS-162)
# Java VM: Java HotSpot(TM) 64-Bit Server VM 18.9 (11.0.10+8-LTS-162, mixed mode, tiered, compressed oops, g1 gc, bsd-amd64)
# Problematic frame:
# C  [libsystem_pthread.dylib+0x15ad]  pthread_mutex_lock+0x0
#
# No core dump will be written. Core dumps have been disabled. To enable core dumping, try "ulimit -c unlimited" before starting Java again
#
# If you would like to submit a bug report, please visit:
#   https://bugreport.java.com/bugreport/crash.jsp
# The crash happened outside the Java Virtual Machine in native code.
# See problematic frame for where to report the bug.
#

---------------  S U M M A R Y ------------

Command Line: -agentlib:jdwp=transport=dt_socket,address=127.0.0.1:57044,suspend=y,server=n -javaagent:/Users/ianacosta/Library/Caches/JetBrains/IntelliJIdea2020.3/captureAgent/debugger-agent.jar -Dfile.encoding=UTF-8 edu.brown.cs.student.yoki.Main

Host: MacBookPro14,1 x86_64 2300 MHz, 4 cores, 8G, Darwin 19.6.0
Time: Mon Apr 19 21:28:07 2021 PDT elapsed time: 48.656682 seconds (0d 0h 0m 48s)

---------------  T H R E A D  ---------------

Current thread (0x00007f91f3478000):  JavaThread "qtp384734883-21" [_thread_in_native, id=26627, stack(0x0000700003f91000,0x0000700004091000)]

Stack: [0x0000700003f91000,0x0000700004091000],  sp=0x000070000408fa88,  free space=1018k
Native frames: (J=compiled Java code, A=aot compiled Java code, j=interpreted, Vv=VM code, C=native code)
C  [libsystem_pthread.dylib+0x15ad]  pthread_mutex_lock+0x0
J 1339  org.sqlite.core.NativeDB.reset(J)I (0 bytes) @ 0x000000011eb63571 [0x000000011eb633c0+0x00000000000001b1]
j  org.sqlite.jdbc3.JDBC3PreparedStatement.executeQuery()Ljava/sql/ResultSet;+39
J 1362 c1 edu.brown.cs.student.yoki.commands.DataReader.allUserData()V (486 bytes) @ 0x0000000117871e2c [0x0000000117871580+0x00000000000008ac]
j  edu.brown.cs.student.yoki.commands.DataReader.action(Ljava/util/ArrayList;)V+96
j  edu.brown.cs.student.yoki.Main$UpdateInterests.handle(Lspark/Request;Lspark/Response;)Ljava/lang/String;+174
j  edu.brown.cs.student.yoki.Main$UpdateInterests.handle(Lspark/Request;Lspark/Response;)Ljava/lang/Object;+3
j  spark.RouteImpl$1.handle(Lspark/Request;Lspark/Response;)Ljava/lang/Object;+6
j  spark.http.matching.Routes.execute(Lspark/http/matching/RouteContext;)V+171
j  spark.http.matching.MatcherFilter.doFilter(Ljavax/servlet/ServletRequest;Ljavax/servlet/ServletResponse;Ljavax/servlet/FilterChain;)V+154
j  spark.embeddedserver.jetty.JettyHandler.doHandle(Ljava/lang/String;Lorg/eclipse/jetty/server/Request;Ljavax/servlet/http/HttpServletRequest;Ljavax/servlet/http/HttpServletResponse;)V+19
j  org.eclipse.jetty.server.session.SessionHandler.doScope(Ljava/lang/String;Lorg/eclipse/jetty/server/Request;Ljavax/servlet/http/HttpServletRequest;Ljavax/servlet/http/HttpServletResponse;)V+225
j  org.eclipse.jetty.server.handler.ScopedHandler.handle(Ljava/lang/String;Lorg/eclipse/jetty/server/Request;Ljavax/servlet/http/HttpServletRequest;Ljavax/servlet/http/HttpServletResponse;)V+20
j  org.eclipse.jetty.server.handler.HandlerWrapper.handle(Ljava/lang/String;Lorg/eclipse/jetty/server/Request;Ljavax/servlet/http/HttpServletRequest;Ljavax/servlet/http/HttpServletResponse;)V+18
j  org.eclipse.jetty.server.Server.handle(Lorg/eclipse/jetty/server/HttpChannel;)V+141
j  org.eclipse.jetty.server.HttpChannel.handle()Z+332
j  org.eclipse.jetty.server.HttpConnection.onFillable()V+137
j  org.eclipse.jetty.io.AbstractConnection$ReadCallback.succeeded()V+4
j  org.eclipse.jetty.io.FillInterest.fillable()Z+57
j  org.eclipse.jetty.io.ChannelEndPoint$2.run()V+7
j  org.eclipse.jetty.util.thread.strategy.EatWhatYouKill.runTask(Ljava/lang/Runnable;)V+1
j  org.eclipse.jetty.util.thread.strategy.EatWhatYouKill.doProduce(Z)Z+507
j  org.eclipse.jetty.util.thread.strategy.EatWhatYouKill.tryProduce(Z)V+134
j  org.eclipse.jetty.util.thread.strategy.EatWhatYouKill.run()V+2
j  org.eclipse.jetty.util.thread.ReservedThreadExecutor$ReservedThread.run()V+203
j  org.eclipse.jetty.util.thread.QueuedThreadPool.runJob(Ljava/lang/Runnable;)V+1
j  org.eclipse.jetty.util.thread.QueuedThreadPool$Runner.run()V+175
j  java.lang.Thread.run()V+11 java.base@11.0.10
v  ~StubRoutines::call_stub
V  [libjvm.dylib+0x39e2ec]  _ZN9JavaCalls11call_helperEP9JavaValueRK12methodHandleP17JavaCallArgumentsP6Thread+0x21c
V  [libjvm.dylib+0x39d750]  _ZN9JavaCalls12call_virtualEP9JavaValueP5KlassP6SymbolS5_P17JavaCallArgumentsP6Thread+0xee
V  [libjvm.dylib+0x39d80c]  _ZN9JavaCalls12call_virtualEP9JavaValue6HandleP5KlassP6SymbolS6_P6Thread+0x62
V  [libjvm.dylib+0x42299d]  _ZL12thread_entryP10JavaThreadP6Thread+0x78
V  [libjvm.dylib+0x743e96]  _ZN10JavaThread17thread_main_innerEv+0x82
V  [libjvm.dylib+0x743ce0]  _ZN10JavaThread3runEv+0x174
V  [libjvm.dylib+0x741b1a]  _ZN6Thread8call_runEv+0x68
V  [libjvm.dylib+0x645b53]  _ZL19thread_native_entryP6Thread+0x139
C  [libsystem_pthread.dylib+0x6109]  _pthread_start+0x94
C  [libsystem_pthread.dylib+0x1b8b]  thread_start+0xf

Java frames: (J=compiled Java code, j=interpreted, Vv=VM code)
J 1339  org.sqlite.core.NativeDB.reset(J)I (0 bytes) @ 0x000000011eb63408 [0x000000011eb633c0+0x0000000000000048]
j  org.sqlite.jdbc3.JDBC3PreparedStatement.executeQuery()Ljava/sql/ResultSet;+39
J 1362 c1 edu.brown.cs.student.yoki.commands.DataReader.allUserData()V (486 bytes) @ 0x0000000117871e2c [0x0000000117871580+0x00000000000008ac]
j  edu.brown.cs.student.yoki.commands.DataReader.action(Ljava/util/ArrayList;)V+96
j  edu.brown.cs.student.yoki.Main$UpdateInterests.handle(Lspark/Request;Lspark/Response;)Ljava/lang/String;+174
j  edu.brown.cs.student.yoki.Main$UpdateInterests.handle(Lspark/Request;Lspark/Response;)Ljava/lang/Object;+3
j  spark.RouteImpl$1.handle(Lspark/Request;Lspark/Response;)Ljava/lang/Object;+6
j  spark.http.matching.Routes.execute(Lspark/http/matching/RouteContext;)V+171
j  spark.http.matching.MatcherFilter.doFilter(Ljavax/servlet/ServletRequest;Ljavax/servlet/ServletResponse;Ljavax/servlet/FilterChain;)V+154
j  spark.embeddedserver.jetty.JettyHandler.doHandle(Ljava/lang/String;Lorg/eclipse/jetty/server/Request;Ljavax/servlet/http/HttpServletRequest;Ljavax/servlet/http/HttpServletResponse;)V+19
j  org.eclipse.jetty.server.session.SessionHandler.doScope(Ljava/lang/String;Lorg/eclipse/jetty/server/Request;Ljavax/servlet/http/HttpServletRequest;Ljavax/servlet/http/HttpServletResponse;)V+225
j  org.eclipse.jetty.server.handler.ScopedHandler.handle(Ljava/lang/String;Lorg/eclipse/jetty/server/Request;Ljavax/servlet/http/HttpServletRequest;Ljavax/servlet/http/HttpServletResponse;)V+20
j  org.eclipse.jetty.server.handler.HandlerWrapper.handle(Ljava/lang/String;Lorg/eclipse/jetty/server/Request;Ljavax/servlet/http/HttpServletRequest;Ljavax/servlet/http/HttpServletResponse;)V+18
j  org.eclipse.jetty.server.Server.handle(Lorg/eclipse/jetty/server/HttpChannel;)V+141
j  org.eclipse.jetty.server.HttpChannel.handle()Z+332
j  org.eclipse.jetty.server.HttpConnection.onFillable()V+137
j  org.eclipse.jetty.io.AbstractConnection$ReadCallback.succeeded()V+4
j  org.eclipse.jetty.io.FillInterest.fillable()Z+57
j  org.eclipse.jetty.io.ChannelEndPoint$2.run()V+7
j  org.eclipse.jetty.util.thread.strategy.EatWhatYouKill.runTask(Ljava/lang/Runnable;)V+1
j  org.eclipse.jetty.util.thread.strategy.EatWhatYouKill.doProduce(Z)Z+507
j  org.eclipse.jetty.util.thread.strategy.EatWhatYouKill.tryProduce(Z)V+134
j  org.eclipse.jetty.util.thread.strategy.EatWhatYouKill.run()V+2
j  org.eclipse.jetty.util.thread.ReservedThreadExecutor$ReservedThread.run()V+203
j  org.eclipse.jetty.util.thread.QueuedThreadPool.runJob(Ljava/lang/Runnable;)V+1
j  org.eclipse.jetty.util.thread.QueuedThreadPool$Runner.run()V+175
j  java.lang.Thread.run()V+11 java.base@11.0.10
v  ~StubRoutines::call_stub

siginfo: si_signo: 11 (SIGSEGV), si_code: 0 (unknown), si_addr: 0x0000000000000000

Register to memory mapping:

RAX=0x00007f91f2890368 points into unknown readable memory: 0b 00 00 00 00 00 00 00
RBX=0x00007f91f3a75bd0 points into unknown readable memory: b0 45 e9 f0 91 7f 00 00
RCX=0x000000010e7a0201: _ZN2os21ThreadCrashProtection10_crash_muxE+0x1 in /Library/Java/JavaVirtualMachines/jdk-11.0.10.jdk/Contents/Home/lib/server/libjvm.dylib at 0x000000010de00000
RDX=0x00007f91f3a75bd0 points into unknown readable memory: b0 45 e9 f0 91 7f 00 00
RSP=0x000070000408fa88 is pointing into the stack for thread: 0x00007f91f3478000
RBP=0x000070000408fab0 is pointing into the stack for thread: 0x00007f91f3478000
RSI=0x000070000408fac0 is pointing into the stack for thread: 0x00007f91f3478000
RDI=0x4f4a2052454e4e49 is an unknown value
R8 =0x00000000002a2714 is an unknown value
R9 =0xffffffff00000000 is an unknown value
R10=0x00007f91f2890a40 points into unknown readable memory: 00 00 00 00 00 00 00 00
R11=0x0000000000000202 is an unknown value
R12=0x0 is NULL
R13=0x000070000408faf0 is pointing into the stack for thread: 0x00007f91f3478000
R14=0x00007f91f3a85440 points into unknown readable memory: 53 45 4c 45 43 54 20 2a
R15=0x0 is NULL


Registers:
RAX=0x00007f91f2890368, RBX=0x00007f91f3a75bd0, RCX=0x000000010e7a0201, RDX=0x00007f91f3a75bd0
RSP=0x000070000408fa88, RBP=0x000070000408fab0, RSI=0x000070000408fac0, RDI=0x4f4a2052454e4e49
R8 =0x00000000002a2714, R9 =0xffffffff00000000, R10=0x00007f91f2890a40, R11=0x0000000000000202
R12=0x0000000000000000, R13=0x000070000408faf0, R14=0x00007f91f3a85440, R15=0x0000000000000000
RIP=0x00007fff705e05ad, EFLAGS=0x0000000000010202, ERR=0x0000000000000000
  TRAPNO=0x000000000000000d

Top of Stack: (sp=0x000070000408fa88)
0x000070000408fa88:   000000012f99cb53 00007f91f2890368
0x000070000408fa98:   0000000784616de8 000070000408fac0
0x000070000408faa8:   00007f91f3478000 000070000408fb00
0x000070000408fab8:   000000011eb63571 0000000784616de8
0x000070000408fac8:   000070000408fb28 000000012f5eb590
0x000070000408fad8:   0000000000000000 00000007836a9250
0x000070000408fae8:   0000000100000000 0000000000000003
0x000070000408faf8:   000070000408fb10 000070000408fb78
0x000070000408fb08:   000000011704c1f8 000000011704c1f8
0x000070000408fb18:   00007f91f3a75bd0 0000000000000000
0x000070000408fb28:   0000000784616de8 000070000408fb30
0x000070000408fb38:   000000012f813797 000070000408fb98
0x000070000408fb48:   000000012f817f80 0000000000000000
0x000070000408fb58:   0000000783570420 000000012f813838
0x000070000408fb68:   000070000408fb18 000070000408fba0
0x000070000408fb78:   000070000408ff38 0000000117871e2c
0x000070000408fb88:   0000000000000000 0000000000000000
0x000070000408fb98:   0000000784618240 00000007800efde0
0x000070000408fba8:   0000000784618210 0000000900000000
0x000070000408fbb8:   00007f9100000010 00007f91f0d951d0
0x000070000408fbc8:   0000000000000000 000070000408fc00
0x000070000408fbd8:   000000012f99ca5f 0000000784617c08
0x000070000408fbe8:   0000000784617c08 0000000000000000
0x000070000408fbf8:   0000000000000000 000070000408fc98
0x000070000408fc08:   000000011704cc10 0000000784618210
0x000070000408fc18:   000000011704cc10 0000000000000001
0x000070000408fc28:   0000000000000000 0000000000000000
0x000070000408fc38:   0000000784618210 0000000784617c08
0x000070000408fc48:   0000000784617ab0 000070000408fc50
0x000070000408fc58:   000000012cf43351 000070000408fcb8
0x000070000408fc68:   000000012cf47de0 0000000000000000
0x000070000408fc78:   00000007800e78a0 000000012cf43398 

Instructions: (pc=0x00007fff705e05ad)
0x00007fff705e058d:   48 f7 d3 48 89 1c c1 49 89 06 31 db 48 8d 3d 84
0x00007fff705e059d:   48 53 26 e8 39 78 00 00 89 d8 5b 41 5e 5d c3 90
0x00007fff705e05ad:   48 81 3f 5a 54 55 4d 75 6f b8 c0 01 00 00 23 47
0x00007fff705e05bd:   0c 83 f8 40 74 69 48 8d 57 27 48 83 e2 f8 48 8b 

Stack slot to memory mapping:
stack at sp + 0 slots: 0x000000012f99cb53: Java_org_sqlite_core_NativeDB_clear_1progress_1handler+0x7180 in /private/var/folders/zs/3j4p5hk112l37t7blmp7p8000000gn/T/sqlite-3.30.1-ff7506fc-e964-4216-8168-a1db994b8b71-libsqlitejdbc.jnilib at 0x000000012f992000
stack at sp + 1 slots: 0x00007f91f2890368 points into unknown readable memory: 0b 00 00 00 00 00 00 00
stack at sp + 2 slots: 0x0000000784616de8 is an oop: org.sqlite.core.NativeDB 
{0x0000000784616de8} - klass: 'org/sqlite/core/NativeDB'
stack at sp + 3 slots: 0x000070000408fac0 is pointing into the stack for thread: 0x00007f91f3478000
stack at sp + 4 slots: 0x00007f91f3478000 is a thread
stack at sp + 5 slots: 0x000070000408fb00 is pointing into the stack for thread: 0x00007f91f3478000
stack at sp + 6 slots: 0x000000011eb63571 is at entry_point+433 in (nmethod*)0x000000011eb63210
stack at sp + 7 slots: 0x00000007833490a0 is an oop: org.sqlite.core.NativeDB 
{0x00000007833490a0} - klass: 'org/sqlite/core/NativeDB'


---------------  P R O C E S S  ---------------

Threads class SMR info:
_java_thread_list=0x00007f91f28c2870, length=23, elements={
0x00007f91f300d800, 0x00007f91f1815000, 0x00007f91f108e000, 0x00007f91f109e000,
0x00007f91f3031000, 0x00007f91f1088800, 0x00007f91f200f000, 0x00007f91f10d1000,
0x00007f91f10d2000, 0x00007f91f112d000, 0x00007f91f10d3000, 0x00007f91f11c1800,
0x00007f91f3201000, 0x00007f91f18a6000, 0x00007f91f218d800, 0x00007f91f19bf000,
0x00007f91f12b7000, 0x00007f91f216b000, 0x00007f91f3478000, 0x00007f91f348a000,
0x00007f91f19d1800, 0x00007f91f12d5000, 0x00007f91f19cd000
}

Java Threads: ( => current thread )
  0x00007f91f300d800 JavaThread "main" [_thread_in_native, id=5891, stack(0x0000700002237000,0x0000700002337000)]
  0x00007f91f1815000 JavaThread "Reference Handler" daemon [_thread_blocked, id=18691, stack(0x000070000294c000,0x0000700002a4c000)]
  0x00007f91f108e000 JavaThread "Finalizer" daemon [_thread_blocked, id=18435, stack(0x0000700002a4f000,0x0000700002b4f000)]
  0x00007f91f109e000 JavaThread "Signal Dispatcher" daemon [_thread_blocked, id=16387, stack(0x0000700002c58000,0x0000700002d58000)]
  0x00007f91f3031000 JavaThread "C2 CompilerThread0" daemon [_thread_blocked, id=21763, stack(0x0000700002d5b000,0x0000700002e5b000)]
  0x00007f91f1088800 JavaThread "C1 CompilerThread0" daemon [_thread_blocked, id=22531, stack(0x0000700002e5e000,0x0000700002f5e000)]
  0x00007f91f200f000 JavaThread "Sweeper thread" daemon [_thread_blocked, id=42755, stack(0x0000700002f61000,0x0000700003061000)]
  0x00007f91f10d1000 JavaThread "Common-Cleaner" daemon [_thread_blocked, id=42243, stack(0x0000700003064000,0x0000700003164000)]
  0x00007f91f10d2000 JavaThread "JDWP Transport Listener: dt_socket" daemon [_thread_blocked, id=23555, stack(0x0000700003167000,0x0000700003267000)]
  0x00007f91f112d000 JavaThread "JDWP Event Helper Thread" daemon [_thread_blocked, id=24067, stack(0x000070000326a000,0x000070000336a000)]
  0x00007f91f10d3000 JavaThread "JDWP Command Reader" daemon [_thread_in_native, id=41219, stack(0x000070000336d000,0x000070000346d000)]
  0x00007f91f11c1800 JavaThread "Service Thread" daemon [_thread_blocked, id=24579, stack(0x0000700003470000,0x0000700003570000)]
  0x00007f91f3201000 JavaThread "Thread-0" [_thread_blocked, id=25347, stack(0x000070000387c000,0x000070000397c000)]
  0x00007f91f18a6000 JavaThread "qtp384734883-16" [_thread_blocked, id=38403, stack(0x0000700003a82000,0x0000700003b82000)]
  0x00007f91f218d800 JavaThread "qtp384734883-17" [_thread_blocked, id=38147, stack(0x0000700003b85000,0x0000700003c85000)]
  0x00007f91f19bf000 JavaThread "qtp384734883-18-acceptor-0@1b68386a-ServerConnector@7a433865{HTTP/1.1,[http/1.1]}{0.0.0.0:4567}" [_thread_in_native, id=37379, stack(0x0000700003c88000,0x0000700003d88000)]
  0x00007f91f12b7000 JavaThread "qtp384734883-19" [_thread_blocked, id=36611, stack(0x0000700003d8b000,0x0000700003e8b000)]
  0x00007f91f216b000 JavaThread "qtp384734883-20" [_thread_in_native, id=35843, stack(0x0000700003e8e000,0x0000700003f8e000)]
=>0x00007f91f3478000 JavaThread "qtp384734883-21" [_thread_in_native, id=26627, stack(0x0000700003f91000,0x0000700004091000)]
  0x00007f91f348a000 JavaThread "qtp384734883-22" [_thread_blocked, id=27139, stack(0x0000700004094000,0x0000700004194000)]
  0x00007f91f19d1800 JavaThread "qtp384734883-23" [_thread_in_native, id=34819, stack(0x0000700004197000,0x0000700004297000)]
  0x00007f91f12d5000 JavaThread "Session-HouseKeeper-3c95c35f" [_thread_blocked, id=34307, stack(0x000070000429a000,0x000070000439a000)]
  0x00007f91f19cd000 JavaThread "Connector-Scheduler-7a433865" [_thread_blocked, id=28419, stack(0x000070000439d000,0x000070000449d000)]

Other Threads:
  0x00007f91f100e000 VMThread "VM Thread" [stack: 0x0000700002849000,0x0000700002949000] [id=13315]
  0x00007f91f1818800 WatcherThread [stack: 0x0000700003573000,0x0000700003673000] [id=24835]
  0x00007f91f3008800 GCTaskThread "GC Thread#0" [stack: 0x000070000233a000,0x000070000243a000] [id=20739]
  0x00007f91f2012800 GCTaskThread "GC Thread#1" [stack: 0x0000700003676000,0x0000700003776000] [id=40195]
  0x00007f91f2151800 GCTaskThread "GC Thread#2" [stack: 0x0000700003779000,0x0000700003879000] [id=39939]
  0x00007f91f3177800 GCTaskThread "GC Thread#3" [stack: 0x000070000397f000,0x0000700003a7f000] [id=38915]
  0x00007f91f102f000 ConcurrentGCThread "G1 Main Marker" [stack: 0x000070000243d000,0x000070000253d000] [id=20227]
  0x00007f91f102f800 ConcurrentGCThread "G1 Conc#0" [stack: 0x0000700002540000,0x0000700002640000] [id=11523]
  0x00007f91f1080800 ConcurrentGCThread "G1 Refine#0" [stack: 0x0000700002643000,0x0000700002743000] [id=12035]
  0x00007f91f1081000 ConcurrentGCThread "G1 Young RemSet Sampling" [stack: 0x0000700002746000,0x0000700002846000] [id=19459]

Threads with active compile tasks:
C2 CompilerThread0  48670 1954       4       java.lang.String::equals (65 bytes)
C1 CompilerThread0  48670 1969       3       org.sqlite.SQLiteConnection::checkCursor (50 bytes)

VM state:at safepoint (normal execution)

VM Mutex/Monitor currently owned by a thread:  ([mutex/lock_event])
[0x00007f91f28068b0] Threads_lock - owner thread: 0x00007f91f100e000
[0x00007f91f2806fb0] Heap_lock - owner thread: 0x00007f91f12b7000

Heap address: 0x0000000780000000, size: 2048 MB, Compressed Oops mode: Zero based, Oop shift amount: 3
Narrow klass base: 0x0000000800000000, Narrow klass shift: 0
Compressed class space size: 1073741824 Address: 0x0000000800000000

Heap:
 garbage-first heap   total 131072K, used 80310K [0x0000000780000000, 0x0000000800000000)
  region size 1024K, 76 young (77824K), 4 survivors (4096K)
 Metaspace       used 21485K, capacity 21962K, committed 22192K, reserved 1069056K
  class space    used 2258K, capacity 2435K, committed 2560K, reserved 1048576K
Heap Regions: E=young(eden), S=young(survivor), O=old, HS=humongous(starts), HC=humongous(continues), CS=collection set, F=free, A=archive, TAMS=top-at-mark-start (previous, next)
|   0|0x0000000780000000, 0x0000000780100000, 0x0000000780100000|100%| O|  |TAMS 0x0000000780100000, 0x0000000780000000| Untracked 
|   1|0x0000000780100000, 0x0000000780200000, 0x0000000780200000|100%| O|  |TAMS 0x0000000780200000, 0x0000000780100000| Untracked 
|   2|0x0000000780200000, 0x00000007802fd000, 0x0000000780300000| 98%| O|  |TAMS 0x00000007802fd000, 0x0000000780200000| Untracked 
|   3|0x0000000780300000, 0x0000000780300000, 0x0000000780400000|  0%| F|  |TAMS 0x0000000780300000, 0x0000000780300000| Untracked 
|   4|0x0000000780400000, 0x0000000780400000, 0x0000000780500000|  0%| F|  |TAMS 0x0000000780400000, 0x0000000780400000| Untracked 
|   5|0x0000000780500000, 0x0000000780500000, 0x0000000780600000|  0%| F|  |TAMS 0x0000000780500000, 0x0000000780500000| Untracked 
|   6|0x0000000780600000, 0x0000000780600000, 0x0000000780700000|  0%| F|  |TAMS 0x0000000780600000, 0x0000000780600000| Untracked 
|   7|0x0000000780700000, 0x0000000780700000, 0x0000000780800000|  0%| F|  |TAMS 0x0000000780700000, 0x0000000780700000| Untracked 
|   8|0x0000000780800000, 0x0000000780800000, 0x0000000780900000|  0%| F|  |TAMS 0x0000000780800000, 0x0000000780800000| Untracked 
|   9|0x0000000780900000, 0x0000000780900000, 0x0000000780a00000|  0%| F|  |TAMS 0x0000000780900000, 0x0000000780900000| Untracked 
|  10|0x0000000780a00000, 0x0000000780a00000, 0x0000000780b00000|  0%| F|  |TAMS 0x0000000780a00000, 0x0000000780a00000| Untracked 
|  11|0x0000000780b00000, 0x0000000780b00000, 0x0000000780c00000|  0%| F|  |TAMS 0x0000000780b00000, 0x0000000780b00000| Untracked 
|  12|0x0000000780c00000, 0x0000000780c00000, 0x0000000780d00000|  0%| F|  |TAMS 0x0000000780c00000, 0x0000000780c00000| Untracked 
|  13|0x0000000780d00000, 0x0000000780d00000, 0x0000000780e00000|  0%| F|  |TAMS 0x0000000780d00000, 0x0000000780d00000| Untracked 
|  14|0x0000000780e00000, 0x0000000780e00000, 0x0000000780f00000|  0%| F|  |TAMS 0x0000000780e00000, 0x0000000780e00000| Untracked 
|  15|0x0000000780f00000, 0x0000000780f00000, 0x0000000781000000|  0%| F|  |TAMS 0x0000000780f00000, 0x0000000780f00000| Untracked 
|  16|0x0000000781000000, 0x0000000781000000, 0x0000000781100000|  0%| F|  |TAMS 0x0000000781000000, 0x0000000781000000| Untracked 
|  17|0x0000000781100000, 0x0000000781100000, 0x0000000781200000|  0%| F|  |TAMS 0x0000000781100000, 0x0000000781100000| Untracked 
|  18|0x0000000781200000, 0x0000000781200000, 0x0000000781300000|  0%| F|  |TAMS 0x0000000781200000, 0x0000000781200000| Untracked 
|  19|0x0000000781300000, 0x0000000781300000, 0x0000000781400000|  0%| F|  |TAMS 0x0000000781300000, 0x0000000781300000| Untracked 
|  20|0x0000000781400000, 0x0000000781400000, 0x0000000781500000|  0%| F|  |TAMS 0x0000000781400000, 0x0000000781400000| Untracked 
|  21|0x0000000781500000, 0x0000000781500000, 0x0000000781600000|  0%| F|  |TAMS 0x0000000781500000, 0x0000000781500000| Untracked 
|  22|0x0000000781600000, 0x0000000781600000, 0x0000000781700000|  0%| F|  |TAMS 0x0000000781600000, 0x0000000781600000| Untracked 
|  23|0x0000000781700000, 0x0000000781700000, 0x0000000781800000|  0%| F|  |TAMS 0x0000000781700000, 0x0000000781700000| Untracked 
|  24|0x0000000781800000, 0x0000000781800000, 0x0000000781900000|  0%| F|  |TAMS 0x0000000781800000, 0x0000000781800000| Untracked 
|  25|0x0000000781900000, 0x0000000781900000, 0x0000000781a00000|  0%| F|  |TAMS 0x0000000781900000, 0x0000000781900000| Untracked 
|  26|0x0000000781a00000, 0x0000000781a00000, 0x0000000781b00000|  0%| F|  |TAMS 0x0000000781a00000, 0x0000000781a00000| Untracked 
|  27|0x0000000781b00000, 0x0000000781b00000, 0x0000000781c00000|  0%| F|  |TAMS 0x0000000781b00000, 0x0000000781b00000| Untracked 
|  28|0x0000000781c00000, 0x0000000781c00000, 0x0000000781d00000|  0%| F|  |TAMS 0x0000000781c00000, 0x0000000781c00000| Untracked 
|  29|0x0000000781d00000, 0x0000000781d00000, 0x0000000781e00000|  0%| F|  |TAMS 0x0000000781d00000, 0x0000000781d00000| Untracked 
|  30|0x0000000781e00000, 0x0000000781e00000, 0x0000000781f00000|  0%| F|  |TAMS 0x0000000781e00000, 0x0000000781e00000| Untracked 
|  31|0x0000000781f00000, 0x0000000781f00000, 0x0000000782000000|  0%| F|  |TAMS 0x0000000781f00000, 0x0000000781f00000| Untracked 
|  32|0x0000000782000000, 0x0000000782000000, 0x0000000782100000|  0%| F|  |TAMS 0x0000000782000000, 0x0000000782000000| Untracked 
|  33|0x0000000782100000, 0x0000000782100000, 0x0000000782200000|  0%| F|  |TAMS 0x0000000782100000, 0x0000000782100000| Untracked 
|  34|0x0000000782200000, 0x0000000782200000, 0x0000000782300000|  0%| F|  |TAMS 0x0000000782200000, 0x0000000782200000| Untracked 
|  35|0x0000000782300000, 0x0000000782300000, 0x0000000782400000|  0%| F|  |TAMS 0x0000000782300000, 0x0000000782300000| Untracked 
|  36|0x0000000782400000, 0x0000000782400000, 0x0000000782500000|  0%| F|  |TAMS 0x0000000782400000, 0x0000000782400000| Untracked 
|  37|0x0000000782500000, 0x0000000782500000, 0x0000000782600000|  0%| F|  |TAMS 0x0000000782500000, 0x0000000782500000| Untracked 
|  38|0x0000000782600000, 0x0000000782600000, 0x0000000782700000|  0%| F|  |TAMS 0x0000000782600000, 0x0000000782600000| Untracked 
|  39|0x0000000782700000, 0x0000000782700000, 0x0000000782800000|  0%| F|  |TAMS 0x0000000782700000, 0x0000000782700000| Untracked 
|  40|0x0000000782800000, 0x0000000782800000, 0x0000000782900000|  0%| F|  |TAMS 0x0000000782800000, 0x0000000782800000| Untracked 
|  41|0x0000000782900000, 0x0000000782900000, 0x0000000782a00000|  0%| F|  |TAMS 0x0000000782900000, 0x0000000782900000| Untracked 
|  42|0x0000000782a00000, 0x0000000782a00000, 0x0000000782b00000|  0%| F|  |TAMS 0x0000000782a00000, 0x0000000782a00000| Untracked 
|  43|0x0000000782b00000, 0x0000000782b00000, 0x0000000782c00000|  0%| F|  |TAMS 0x0000000782b00000, 0x0000000782b00000| Untracked 
|  44|0x0000000782c00000, 0x0000000782c00000, 0x0000000782d00000|  0%| F|  |TAMS 0x0000000782c00000, 0x0000000782c00000| Untracked 
|  45|0x0000000782d00000, 0x0000000782d00000, 0x0000000782e00000|  0%| F|  |TAMS 0x0000000782d00000, 0x0000000782d00000| Untracked 
|  46|0x0000000782e00000, 0x0000000782e00000, 0x0000000782f00000|  0%| F|  |TAMS 0x0000000782e00000, 0x0000000782e00000| Untracked 
|  47|0x0000000782f00000, 0x0000000782f00000, 0x0000000783000000|  0%| F|  |TAMS 0x0000000782f00000, 0x0000000782f00000| Untracked 
|  48|0x0000000783000000, 0x00000007830b5680, 0x0000000783100000| 70%| S|CS|TAMS 0x0000000783000000, 0x0000000783000000| Complete 
|  49|0x0000000783100000, 0x0000000783200000, 0x0000000783200000|100%| S|CS|TAMS 0x0000000783100000, 0x0000000783100000| Complete 
|  50|0x0000000783200000, 0x0000000783300000, 0x0000000783300000|100%| S|CS|TAMS 0x0000000783200000, 0x0000000783200000| Complete 
|  51|0x0000000783300000, 0x0000000783400000, 0x0000000783400000|100%| S|CS|TAMS 0x0000000783300000, 0x0000000783300000| Complete 
|  52|0x0000000783400000, 0x0000000783400000, 0x0000000783500000|  0%| F|  |TAMS 0x0000000783400000, 0x0000000783400000| Untracked 
|  53|0x0000000783500000, 0x0000000783500000, 0x0000000783600000|  0%| F|  |TAMS 0x0000000783500000, 0x0000000783500000| Untracked 
|  54|0x0000000783600000, 0x0000000783600000, 0x0000000783700000|  0%| F|  |TAMS 0x0000000783600000, 0x0000000783600000| Untracked 
|  55|0x0000000783700000, 0x0000000783700000, 0x0000000783800000|  0%| F|  |TAMS 0x0000000783700000, 0x0000000783700000| Untracked 
|  56|0x0000000783800000, 0x0000000783800000, 0x0000000783900000|  0%| F|  |TAMS 0x0000000783800000, 0x0000000783800000| Untracked 
|  57|0x0000000783900000, 0x0000000783900000, 0x0000000783a00000|  0%| F|  |TAMS 0x0000000783900000, 0x0000000783900000| Untracked 
|  58|0x0000000783a00000, 0x0000000783a00000, 0x0000000783b00000|  0%| F|  |TAMS 0x0000000783a00000, 0x0000000783a00000| Untracked 
|  59|0x0000000783b00000, 0x0000000783b00000, 0x0000000783c00000|  0%| F|  |TAMS 0x0000000783b00000, 0x0000000783b00000| Untracked 
|  60|0x0000000783c00000, 0x0000000783c00000, 0x0000000783d00000|  0%| F|  |TAMS 0x0000000783c00000, 0x0000000783c00000| Untracked 
|  61|0x0000000783d00000, 0x0000000783d00000, 0x0000000783e00000|  0%| F|  |TAMS 0x0000000783d00000, 0x0000000783d00000| Untracked 
|  62|0x0000000783e00000, 0x0000000783e00000, 0x0000000783f00000|  0%| F|  |TAMS 0x0000000783e00000, 0x0000000783e00000| Untracked 
|  63|0x0000000783f00000, 0x0000000783f00000, 0x0000000784000000|  0%| F|  |TAMS 0x0000000783f00000, 0x0000000783f00000| Untracked 
|  64|0x0000000784000000, 0x0000000784000000, 0x0000000784100000|  0%| F|  |TAMS 0x0000000784000000, 0x0000000784000000| Untracked 
|  65|0x0000000784100000, 0x0000000784100000, 0x0000000784200000|  0%| F|  |TAMS 0x0000000784100000, 0x0000000784100000| Untracked 
|  66|0x0000000784200000, 0x0000000784200000, 0x0000000784300000|  0%| F|  |TAMS 0x0000000784200000, 0x0000000784200000| Untracked 
|  67|0x0000000784300000, 0x0000000784300000, 0x0000000784400000|  0%| F|  |TAMS 0x0000000784300000, 0x0000000784300000| Untracked 
|  68|0x0000000784400000, 0x0000000784400000, 0x0000000784500000|  0%| F|  |TAMS 0x0000000784400000, 0x0000000784400000| Untracked 
|  69|0x0000000784500000, 0x0000000784500000, 0x0000000784600000|  0%| F|  |TAMS 0x0000000784500000, 0x0000000784500000| Untracked 
|  70|0x0000000784600000, 0x0000000784600000, 0x0000000784700000|  0%| F|  |TAMS 0x0000000784600000, 0x0000000784600000| Untracked 
|  71|0x0000000784700000, 0x0000000784700000, 0x0000000784800000|  0%| F|  |TAMS 0x0000000784700000, 0x0000000784700000| Untracked 
|  72|0x0000000784800000, 0x0000000784800000, 0x0000000784900000|  0%| F|  |TAMS 0x0000000784800000, 0x0000000784800000| Untracked 
|  73|0x0000000784900000, 0x0000000784900000, 0x0000000784a00000|  0%| F|  |TAMS 0x0000000784900000, 0x0000000784900000| Untracked 
|  74|0x0000000784a00000, 0x0000000784a00000, 0x0000000784b00000|  0%| F|  |TAMS 0x0000000784a00000, 0x0000000784a00000| Untracked 
|  75|0x0000000784b00000, 0x0000000784b00000, 0x0000000784c00000|  0%| F|  |TAMS 0x0000000784b00000, 0x0000000784b00000| Untracked 
|  76|0x0000000784c00000, 0x0000000784c00000, 0x0000000784d00000|  0%| F|  |TAMS 0x0000000784c00000, 0x0000000784c00000| Untracked 
|  77|0x0000000784d00000, 0x0000000784d00000, 0x0000000784e00000|  0%| F|  |TAMS 0x0000000784d00000, 0x0000000784d00000| Untracked 
|  78|0x0000000784e00000, 0x0000000784e00000, 0x0000000784f00000|  0%| F|  |TAMS 0x0000000784e00000, 0x0000000784e00000| Untracked 
|  79|0x0000000784f00000, 0x0000000784f00000, 0x0000000785000000|  0%| F|  |TAMS 0x0000000784f00000, 0x0000000784f00000| Untracked 
|  80|0x0000000785000000, 0x0000000785000000, 0x0000000785100000|  0%| F|  |TAMS 0x0000000785000000, 0x0000000785000000| Untracked 
|  81|0x0000000785100000, 0x0000000785100000, 0x0000000785200000|  0%| F|  |TAMS 0x0000000785100000, 0x0000000785100000| Untracked 
|  82|0x0000000785200000, 0x0000000785200000, 0x0000000785300000|  0%| F|  |TAMS 0x0000000785200000, 0x0000000785200000| Untracked 
|  83|0x0000000785300000, 0x0000000785300000, 0x0000000785400000|  0%| F|  |TAMS 0x0000000785300000, 0x0000000785300000| Untracked 
|  84|0x0000000785400000, 0x0000000785400000, 0x0000000785500000|  0%| F|  |TAMS 0x0000000785400000, 0x0000000785400000| Untracked 
|  85|0x0000000785500000, 0x0000000785500000, 0x0000000785600000|  0%| F|  |TAMS 0x0000000785500000, 0x0000000785500000| Untracked 
|  86|0x0000000785600000, 0x0000000785600000, 0x0000000785700000|  0%| F|  |TAMS 0x0000000785600000, 0x0000000785600000| Untracked 
|  87|0x0000000785700000, 0x0000000785700000, 0x0000000785800000|  0%| F|  |TAMS 0x0000000785700000, 0x0000000785700000| Untracked 
|  88|0x0000000785800000, 0x0000000785800000, 0x0000000785900000|  0%| F|  |TAMS 0x0000000785800000, 0x0000000785800000| Untracked 
|  89|0x0000000785900000, 0x0000000785900000, 0x0000000785a00000|  0%| F|  |TAMS 0x0000000785900000, 0x0000000785900000| Untracked 
|  90|0x0000000785a00000, 0x0000000785a00000, 0x0000000785b00000|  0%| F|  |TAMS 0x0000000785a00000, 0x0000000785a00000| Untracked 
|  91|0x0000000785b00000, 0x0000000785b00000, 0x0000000785c00000|  0%| F|  |TAMS 0x0000000785b00000, 0x0000000785b00000| Untracked 
|  92|0x0000000785c00000, 0x0000000785c00000, 0x0000000785d00000|  0%| F|  |TAMS 0x0000000785c00000, 0x0000000785c00000| Untracked 
|  93|0x0000000785d00000, 0x0000000785d00000, 0x0000000785e00000|  0%| F|  |TAMS 0x0000000785d00000, 0x0000000785d00000| Untracked 
|  94|0x0000000785e00000, 0x0000000785e00000, 0x0000000785f00000|  0%| F|  |TAMS 0x0000000785e00000, 0x0000000785e00000| Untracked 
|  95|0x0000000785f00000, 0x0000000785f00000, 0x0000000786000000|  0%| F|  |TAMS 0x0000000785f00000, 0x0000000785f00000| Untracked 
|  96|0x0000000786000000, 0x0000000786000000, 0x0000000786100000|  0%| F|  |TAMS 0x0000000786000000, 0x0000000786000000| Untracked 
|  97|0x0000000786100000, 0x0000000786100000, 0x0000000786200000|  0%| F|  |TAMS 0x0000000786100000, 0x0000000786100000| Untracked 
|  98|0x0000000786200000, 0x0000000786200000, 0x0000000786300000|  0%| F|  |TAMS 0x0000000786200000, 0x0000000786200000| Untracked 
|  99|0x0000000786300000, 0x0000000786300000, 0x0000000786400000|  0%| F|  |TAMS 0x0000000786300000, 0x0000000786300000| Untracked 
| 100|0x0000000786400000, 0x0000000786400000, 0x0000000786500000|  0%| F|  |TAMS 0x0000000786400000, 0x0000000786400000| Untracked 
| 101|0x0000000786500000, 0x0000000786500000, 0x0000000786600000|  0%| F|  |TAMS 0x0000000786500000, 0x0000000786500000| Untracked 
| 102|0x0000000786600000, 0x0000000786600000, 0x0000000786700000|  0%| F|  |TAMS 0x0000000786600000, 0x0000000786600000| Untracked 
| 103|0x0000000786700000, 0x0000000786700000, 0x0000000786800000|  0%| F|  |TAMS 0x0000000786700000, 0x0000000786700000| Untracked 
| 104|0x0000000786800000, 0x0000000786800000, 0x0000000786900000|  0%| F|  |TAMS 0x0000000786800000, 0x0000000786800000| Untracked 
| 105|0x0000000786900000, 0x0000000786900000, 0x0000000786a00000|  0%| F|  |TAMS 0x0000000786900000, 0x0000000786900000| Untracked 
| 106|0x0000000786a00000, 0x0000000786a00000, 0x0000000786b00000|  0%| F|  |TAMS 0x0000000786a00000, 0x0000000786a00000| Untracked 
| 107|0x0000000786b00000, 0x0000000786b00000, 0x0000000786c00000|  0%| F|  |TAMS 0x0000000786b00000, 0x0000000786b00000| Untracked 
| 108|0x0000000786c00000, 0x0000000786c00000, 0x0000000786d00000|  0%| F|  |TAMS 0x0000000786c00000, 0x0000000786c00000| Untracked 
| 109|0x0000000786d00000, 0x0000000786d00000, 0x0000000786e00000|  0%| F|  |TAMS 0x0000000786d00000, 0x0000000786d00000| Untracked 
| 110|0x0000000786e00000, 0x0000000786e00000, 0x0000000786f00000|  0%| F|  |TAMS 0x0000000786e00000, 0x0000000786e00000| Untracked 
| 111|0x0000000786f00000, 0x0000000786f00000, 0x0000000787000000|  0%| F|  |TAMS 0x0000000786f00000, 0x0000000786f00000| Untracked 
| 112|0x0000000787000000, 0x0000000787000000, 0x0000000787100000|  0%| F|  |TAMS 0x0000000787000000, 0x0000000787000000| Untracked 
| 113|0x0000000787100000, 0x0000000787100000, 0x0000000787200000|  0%| F|  |TAMS 0x0000000787100000, 0x0000000787100000| Untracked 
| 114|0x0000000787200000, 0x0000000787200000, 0x0000000787300000|  0%| F|  |TAMS 0x0000000787200000, 0x0000000787200000| Untracked 
| 115|0x0000000787300000, 0x0000000787300000, 0x0000000787400000|  0%| F|  |TAMS 0x0000000787300000, 0x0000000787300000| Untracked 
| 116|0x0000000787400000, 0x0000000787400000, 0x0000000787500000|  0%| F|  |TAMS 0x0000000787400000, 0x0000000787400000| Untracked 
| 117|0x0000000787500000, 0x0000000787500000, 0x0000000787600000|  0%| F|  |TAMS 0x0000000787500000, 0x0000000787500000| Untracked 
| 118|0x0000000787600000, 0x0000000787600000, 0x0000000787700000|  0%| F|  |TAMS 0x0000000787600000, 0x0000000787600000| Untracked 
| 119|0x0000000787700000, 0x0000000787700000, 0x0000000787800000|  0%| F|  |TAMS 0x0000000787700000, 0x0000000787700000| Untracked 
| 120|0x0000000787800000, 0x0000000787800000, 0x0000000787900000|  0%| F|  |TAMS 0x0000000787800000, 0x0000000787800000| Untracked 
| 121|0x0000000787900000, 0x0000000787900000, 0x0000000787a00000|  0%| F|  |TAMS 0x0000000787900000, 0x0000000787900000| Untracked 
| 122|0x0000000787a00000, 0x0000000787a00000, 0x0000000787b00000|  0%| F|  |TAMS 0x0000000787a00000, 0x0000000787a00000| Untracked 
| 123|0x0000000787b00000, 0x0000000787b00000, 0x0000000787c00000|  0%| F|  |TAMS 0x0000000787b00000, 0x0000000787b00000| Untracked 
| 124|0x0000000787c00000, 0x0000000787c00000, 0x0000000787d00000|  0%| F|  |TAMS 0x0000000787c00000, 0x0000000787c00000| Untracked 
| 125|0x0000000787d00000, 0x0000000787d39818, 0x0000000787e00000| 22%| E|  |TAMS 0x0000000787d00000, 0x0000000787d00000| Complete 
| 126|0x0000000787e00000, 0x0000000787f00000, 0x0000000787f00000|100%| E|CS|TAMS 0x0000000787e00000, 0x0000000787e00000| Complete 
| 127|0x0000000787f00000, 0x0000000788000000, 0x0000000788000000|100%| E|CS|TAMS 0x0000000787f00000, 0x0000000787f00000| Complete 

Card table byte_map: [0x0000000126617000,0x0000000126a17000] _byte_map_base: 0x0000000122a17000

Marking Bits (Prev, Next): (CMBitMap*) 0x00007f91f1026250, (CMBitMap*) 0x00007f91f1026218
 Prev Bits: [0x0000000128e17000, 0x000000012ae17000)
 Next Bits: [0x0000000126e17000, 0x0000000128e17000)

Polling page: 0x000000010d4dd000

Metaspace:

Usage:
  Non-class:     19.07 MB capacity,    18.78 MB ( 98%) used,   241.74 KB (  1%) free+waste,    54.25 KB ( <1%) overhead. 
      Class:      2.38 MB capacity,     2.21 MB ( 93%) used,   151.98 KB (  6%) free+waste,    24.81 KB (  1%) overhead. 
       Both:     21.45 MB capacity,    20.99 MB ( 98%) used,   393.73 KB (  2%) free+waste,    79.06 KB ( <1%) overhead. 

Virtual space:
  Non-class space:       20.00 MB reserved,      19.17 MB ( 96%) committed 
      Class space:        1.00 GB reserved,       2.50 MB ( <1%) committed 
             Both:        1.02 GB reserved,      21.67 MB (  2%) committed 

Chunk freelists:
   Non-Class:  7.12 KB
       Class:  0 bytes
        Both:  7.12 KB

CodeHeap 'non-profiled nmethods': size=120032Kb used=868Kb max_used=868Kb free=119163Kb
 bounds [0x000000011eb09000, 0x000000011ed79000, 0x0000000126041000]
CodeHeap 'profiled nmethods': size=120032Kb used=3915Kb max_used=3915Kb free=116116Kb
 bounds [0x00000001175d1000, 0x00000001179b1000, 0x000000011eb09000]
CodeHeap 'non-nmethods': size=5696Kb used=1230Kb max_used=1259Kb free=4465Kb
 bounds [0x0000000117041000, 0x00000001172b1000, 0x00000001175d1000]
 total_blobs=2463 nmethods=1947 adapters=436
 compilation: enabled
              stopped_count=0, restarted_count=0
 full_count=0

Compilation events (10 events):
Event: 48.627 Thread 0x00007f91f1088800 1950   !   3       java.lang.StringCoding::decode (165 bytes)
Event: 48.629 Thread 0x00007f91f1088800 nmethod 1950 0x0000000117997090 code [0x0000000117997440, 0x0000000117998b60]
Event: 48.638 Thread 0x00007f91f3031000 nmethod 1951 0x000000011ebe0210 code [0x000000011ebe03e0, 0x000000011ebe0958]
Event: 48.639 Thread 0x00007f91f1088800 1952       3       java.nio.charset.Charset::lookup (44 bytes)
Event: 48.640 Thread 0x00007f91f1088800 nmethod 1952 0x0000000117999590 code [0x0000000117999780, 0x0000000117999be0]
Event: 48.642 Thread 0x00007f91f3031000 1953       4       java.lang.String::equalsIgnoreCase (45 bytes)
Event: 48.644 Thread 0x00007f91f1088800 1957       3       java.lang.String::getBytes (25 bytes)
Event: 48.644 Thread 0x00007f91f1088800 nmethod 1957 0x0000000117999d90 code [0x0000000117999f60, 0x000000011799a230]
Event: 48.644 Thread 0x00007f91f1088800 1958   !   3       java.lang.StringCoding::encode (152 bytes)
Event: 48.646 Thread 0x00007f91f1088800 nmethod 1958 0x000000011799a390 code [0x000000011799a740, 0x000000011799bea0]

GC Heap History (10 events):
Event: 2.657 GC heap before
{Heap before GC invocations=3 (full 0):
 garbage-first heap   total 131072K, used 49709K [0x0000000780000000, 0x0000000800000000)
  region size 1024K, 46 young (47104K), 2 survivors (2048K)
 Metaspace       used 17006K, capacity 17437K, committed 17536K, reserved 1064960K
  class space    used 1731K, capacity 1917K, committed 1920K, reserved 1048576K
}
Event: 2.659 GC heap after
{Heap after GC invocations=4 (full 0):
 garbage-first heap   total 131072K, used 4924K [0x0000000780000000, 0x0000000800000000)
  region size 1024K, 2 young (2048K), 2 survivors (2048K)
 Metaspace       used 17006K, capacity 17437K, committed 17536K, reserved 1064960K
  class space    used 1731K, capacity 1917K, committed 1920K, reserved 1048576K
}
Event: 6.019 GC heap before
{Heap before GC invocations=4 (full 0):
 garbage-first heap   total 131072K, used 44860K [0x0000000780000000, 0x0000000800000000)
  region size 1024K, 43 young (44032K), 2 survivors (2048K)
 Metaspace       used 20569K, capacity 21035K, committed 21296K, reserved 1069056K
  class space    used 2152K, capacity 2346K, committed 2432K, reserved 1048576K
}
Event: 6.025 GC heap after
{Heap after GC invocations=5 (full 0):
 garbage-first heap   total 131072K, used 6446K [0x0000000780000000, 0x0000000800000000)
  region size 1024K, 4 young (4096K), 4 survivors (4096K)
 Metaspace       used 20569K, capacity 21035K, committed 21296K, reserved 1069056K
  class space    used 2152K, capacity 2346K, committed 2432K, reserved 1048576K
}
Event: 8.226 GC heap before
{Heap before GC invocations=6 (full 0):
 garbage-first heap   total 131072K, used 68910K [0x0000000780000000, 0x0000000800000000)
  region size 1024K, 65 young (66560K), 4 survivors (4096K)
 Metaspace       used 20812K, capacity 21323K, committed 21552K, reserved 1069056K
  class space    used 2192K, capacity 2378K, committed 2432K, reserved 1048576K
}
Event: 8.233 GC heap after
{Heap after GC invocations=7 (full 0):
 garbage-first heap   total 131072K, used 6775K [0x0000000780000000, 0x0000000800000000)
  region size 1024K, 4 young (4096K), 4 survivors (4096K)
 Metaspace       used 20812K, capacity 21323K, committed 21552K, reserved 1069056K
  class space    used 2192K, capacity 2378K, committed 2432K, reserved 1048576K
}
Event: 8.369 GC heap before
{Heap before GC invocations=7 (full 0):
 garbage-first heap   total 131072K, used 80503K [0x0000000780000000, 0x0000000800000000)
  region size 1024K, 76 young (77824K), 4 survivors (4096K)
 Metaspace       used 20859K, capacity 21360K, committed 21552K, reserved 1069056K
  class space    used 2200K, capacity 2387K, committed 2432K, reserved 1048576K
}
Event: 8.376 GC heap after
{Heap after GC invocations=8 (full 0):
 garbage-first heap   total 131072K, used 6598K [0x0000000780000000, 0x0000000800000000)
  region size 1024K, 4 young (4096K), 4 survivors (4096K)
 Metaspace       used 20859K, capacity 21360K, committed 21552K, reserved 1069056K
  class space    used 2200K, capacity 2387K, committed 2432K, reserved 1048576K
}
Event: 8.431 GC heap before
{Heap before GC invocations=8 (full 0):
 garbage-first heap   total 131072K, used 80326K [0x0000000780000000, 0x0000000800000000)
  region size 1024K, 76 young (77824K), 4 survivors (4096K)
 Metaspace       used 20859K, capacity 21360K, committed 21552K, reserved 1069056K
  class space    used 2200K, capacity 2387K, committed 2432K, reserved 1048576K
}
Event: 8.434 GC heap after
{Heap after GC invocations=9 (full 0):
 garbage-first heap   total 131072K, used 6582K [0x0000000780000000, 0x0000000800000000)
  region size 1024K, 4 young (4096K), 4 survivors (4096K)
 Metaspace       used 20859K, capacity 21360K, committed 21552K, reserved 1069056K
  class space    used 2200K, capacity 2387K, committed 2432K, reserved 1048576K
}

Deoptimization events (10 events):
Event: 8.069 Thread 0x00007f91f216b000 Uncommon trap: reason=class_check action=maybe_recompile pc=0x000000011eb7e0c0 method=jdk.internal.misc.Unsafe.allocateUninitializedArray(Ljava/lang/Class;I)Ljava/lang/Object; @ 48 c2
Event: 8.698 Thread 0x00007f91f19d1800 Uncommon trap: reason=unstable_if action=reinterpret pc=0x000000011eb5d8c4 method=java.util.HashMap.getNode(ILjava/lang/Object;)Ljava/util/HashMap$Node; @ 62 c2
Event: 8.705 Thread 0x00007f91f19d1800 Uncommon trap: reason=unstable_if action=reinterpret pc=0x000000011eb4432c method=java.util.concurrent.ConcurrentHashMap.get(Ljava/lang/Object;)Ljava/lang/Object; @ 76 c2
Event: 8.715 Thread 0x00007f91f19d1800 Uncommon trap: reason=unstable_if action=reinterpret pc=0x000000011ebac79c method=java.util.concurrent.ConcurrentHashMap.putVal(Ljava/lang/Object;Ljava/lang/Object;Z)Ljava/lang/Object; @ 245 c2
Event: 10.341 Thread 0x00007f91f216b000 Uncommon trap: reason=unstable_if action=reinterpret pc=0x000000011eb7b144 method=java.lang.Integer.stringSize(I)I @ 3 c2
Event: 10.341 Thread 0x00007f91f216b000 Uncommon trap: reason=unstable_if action=reinterpret pc=0x000000011eb7b5c0 method=java.lang.Integer.getChars(II[B)I @ 4 c2
Event: 10.352 Thread 0x00007f91f216b000 Uncommon trap: reason=unstable_if action=reinterpret pc=0x000000011eb28c50 method=java.lang.AbstractStringBuilder.putStringAt(ILjava/lang/String;)V @ 8 c2
Event: 10.361 Thread 0x00007f91f216b000 Uncommon trap: reason=unstable_if action=reinterpret pc=0x000000011eb127ac method=java.lang.String.equals(Ljava/lang/Object;)Z @ 27 c2
Event: 10.361 Thread 0x00007f91f216b000 Uncommon trap: reason=unstable_if action=reinterpret pc=0x000000011eb3de48 method=java.lang.StringCoding.encodeUTF8(B[BZ)[B @ 2 c2
Event: 15.628 Thread 0x00007f91f3478000 Uncommon trap: reason=unstable_if action=reinterpret pc=0x000000011eb86050 method=java.lang.ThreadLocal$ThreadLocalMap.getEntry(Ljava/lang/ThreadLocal;)Ljava/lang/ThreadLocal$ThreadLocalMap$Entry; @ 29 c2

Classes redefined (0 events):
No events

Internal exceptions (10 events):
Event: 2.319 Thread 0x00007f91f300d800 Exception <a 'java/lang/NoSuchMethodError'{0x00000007877e4c98}: java.lang.invoke.DirectMethodHandle$Holder.invokeStatic(Ljava/lang/Object;Ljava/lang/Object;Ljava/lang/Object;Ljava/lang/Object;Ljava/lang/Object;Ljava/lang/Object;Ljava/lang/Object;Ljava/lan
Event: 2.321 Thread 0x00007f91f300d800 Exception <a 'java/lang/NoSuchMethodError'{0x00000007877f6f30}: java.lang.invoke.DelegatingMethodHandle$Holder.reinvoke_L(Ljava/lang/Object;Ljava/lang/Object;IIILjava/lang/Object;Ljava/lang/Object;Ljava/lang/Object;Ljava/lang/Object;ILjava/lang/Object;)Lj
Event: 2.326 Thread 0x00007f91f300d800 Exception <a 'java/lang/NoSuchMethodError'{0x000000078765dba0}: java.lang.invoke.DirectMethodHandle$Holder.invokeSpecial(Ljava/lang/Object;Ljava/lang/Object;IIILjava/lang/Object;Ljava/lang/Object;Ljava/lang/Object;Ljava/lang/Object;ILjava/lang/Object;)Lja
Event: 2.327 Thread 0x00007f91f300d800 Exception <a 'java/lang/NoSuchMethodError'{0x0000000787661768}: java.lang.invoke.DelegatingMethodHandle$Holder.reinvoke_L(Ljava/lang/Object;IIILjava/lang/Object;Ljava/lang/Object;Ljava/lang/Object;Ljava/lang/Object;ILjava/lang/Object;)Ljava/lang/Object;> 
Event: 2.340 Thread 0x00007f91f300d800 Exception <a 'java/lang/NoSuchMethodError'{0x0000000787584608}: java.lang.invoke.DelegatingMethodHandle$Holder.reinvoke_L(Ljava/lang/Object;ILjava/lang/Object;Ljava/lang/Object;Ljava/lang/Object;Ljava/lang/Object;ILjava/lang/Object;)Ljava/lang/Object;> (0
Event: 4.669 Thread 0x00007f91f348a000 Exception <a 'java/lang/NoSuchMethodError'{0x0000000785f042e8}: java.lang.invoke.DirectMethodHandle$Holder.invokeSpecial(Ljava/lang/Object;Ljava/lang/Object;I)V> (0x0000000785f042e8) thrown at [./open/src/hotspot/share/interpreter/linkResolver.cpp, line 7
Event: 4.902 Thread 0x00007f91f348a000 Exception <a 'java/lang/NoSuchMethodError'{0x0000000785ad1e30}: java.lang.invoke.DirectMethodHandle$Holder.invokeStaticInit(Ljava/lang/Object;Ljava/lang/Object;)I> (0x0000000785ad1e30) thrown at [./open/src/hotspot/share/interpreter/linkResolver.cpp, line
Event: 4.906 Thread 0x00007f91f348a000 Exception <a 'java/lang/NoSuchMethodError'{0x0000000785ad7600}: java.lang.invoke.DirectMethodHandle$Holder.invokeStaticInit(Ljava/lang/Object;Ljava/lang/Object;Ljava/lang/Object;)V> (0x0000000785ad7600) thrown at [./open/src/hotspot/share/interpreter/link
Event: 8.271 Thread 0x00007f91f216b000 Exception <a 'java/lang/NoSuchMethodError'{0x000000078649df58}: java.lang.invoke.DirectMethodHandle$Holder.invokeStatic(Ljava/lang/Object;Ljava/lang/Object;Ljava/lang/Object;Ljava/lang/Object;Ljava/lang/Object;Ljava/lang/Object;Ljava/lang/Object;Ljava/lan
Event: 8.273 Thread 0x00007f91f216b000 Exception <a 'java/lang/NoSuchMethodError'{0x00000007864b8d18}: java.lang.invoke.DirectMethodHandle$Holder.invokeStatic(Ljava/lang/Object;Ljava/lang/Object;Ljava/lang/Object;Ljava/lang/Object;Ljava/lang/Object;Ljava/lang/Object;Ljava/lang/Object;Ljava/lan

Events (10 events):
Event: 48.082 Executing VM operation: GetOrSetLocal
Event: 48.082 Executing VM operation: GetOrSetLocal done
Event: 48.082 Executing VM operation: GetOrSetLocal
Event: 48.082 Executing VM operation: GetOrSetLocal done
Event: 48.621 loading class java/lang/Throwable$WrappedPrintStream
Event: 48.621 loading class java/lang/Throwable$PrintStreamOrWriter
Event: 48.621 loading class java/lang/Throwable$PrintStreamOrWriter done
Event: 48.621 loading class java/lang/Throwable$WrappedPrintStream done
Event: 48.623 Executing VM operation: RevokeBias
Event: 48.624 Executing VM operation: RevokeBias done


Dynamic libraries:
0x00007fff35424000 	/System/Library/Frameworks/Cocoa.framework/Versions/A/Cocoa
0x00007fff42c1b000 	/System/Library/Frameworks/Security.framework/Versions/A/Security
0x00007fff34389000 	/System/Library/Frameworks/ApplicationServices.framework/Versions/A/ApplicationServices
0x00007fff6f901000 	/usr/lib/libz.1.dylib
0x000000010d36d000 	/Library/Java/JavaVirtualMachines/jdk-11.0.10.jdk/Contents/Home/lib/jli/libjli.dylib
0x00007fff6d3c5000 	/usr/lib/libSystem.B.dylib
0x00007fff33579000 	/System/Library/Frameworks/AppKit.framework/Versions/C/AppKit
0x00007fff35da8000 	/System/Library/Frameworks/CoreData.framework/Versions/A/CoreData
0x00007fff38983000 	/System/Library/Frameworks/Foundation.framework/Versions/C/Foundation
0x00007fff673db000 	/System/Library/PrivateFrameworks/UIFoundation.framework/Versions/A/UIFoundation
0x00007fff6246f000 	/System/Library/PrivateFrameworks/RemoteViewServices.framework/Versions/A/RemoteViewServices
0x00007fff69f35000 	/System/Library/PrivateFrameworks/XCTTargetBootstrap.framework/Versions/A/XCTTargetBootstrap
0x00007fff36193000 	/System/Library/Frameworks/CoreDisplay.framework/Versions/A/CoreDisplay
0x00007fff3b83d000 	/System/Library/Frameworks/Metal.framework/Versions/A/Metal
0x00007fff50434000 	/System/Library/PrivateFrameworks/DesktopServicesPriv.framework/Versions/A/DesktopServicesPriv
0x00007fff6e500000 	/usr/lib/liblangid.dylib
0x00007fff4f6c9000 	/System/Library/PrivateFrameworks/CoreSVG.framework/Versions/A/CoreSVG
0x00007fff655cb000 	/System/Library/PrivateFrameworks/SkyLight.framework/Versions/A/SkyLight
0x00007fff36747000 	/System/Library/Frameworks/CoreGraphics.framework/Versions/A/CoreGraphics
0x00007fff31f4d000 	/System/Library/Frameworks/Accelerate.framework/Versions/A/Accelerate
0x00007fff6f7f2000 	/usr/lib/libxml2.2.dylib
0x00007fff5b3d2000 	/System/Library/PrivateFrameworks/IconServices.framework/Versions/A/IconServices
0x00007fff39162000 	/System/Library/Frameworks/IOSurface.framework/Versions/A/IOSurface
0x00007fff6ceef000 	/usr/lib/libDiagnosticMessagesClient.dylib
0x00007fff5028e000 	/System/Library/PrivateFrameworks/DFRFoundation.framework/Versions/A/DFRFoundation
0x00007fff6e28f000 	/usr/lib/libicucore.A.dylib
0x00007fff346bb000 	/System/Library/Frameworks/AudioToolbox.framework/Versions/A/AudioToolbox
0x00007fff3479e000 	/System/Library/Frameworks/AudioUnit.framework/Versions/A/AudioUnit
0x00007fff6d5c7000 	/usr/lib/libauto.dylib
0x00007fff50330000 	/System/Library/PrivateFrameworks/DataDetectorsCore.framework/Versions/A/DataDetectorsCore
0x00007fff34f45000 	/System/Library/Frameworks/Carbon.framework/Versions/A/Frameworks/HIToolbox.framework/Versions/A/HIToolbox
0x00007fff41e15000 	/System/Library/Frameworks/QuartzCore.framework/Versions/A/QuartzCore
0x00007fff35284000 	/System/Library/Frameworks/Carbon.framework/Versions/A/Frameworks/SpeechRecognition.framework/Versions/A/SpeechRecognition
0x00007fff4fda2000 	/System/Library/PrivateFrameworks/CoreUI.framework/Versions/A/CoreUI
0x00007fff35813000 	/System/Library/Frameworks/CoreAudio.framework/Versions/A/CoreAudio
0x00007fff38642000 	/System/Library/Frameworks/DiskArbitration.framework/Versions/A/DiskArbitration
0x00007fff5d44a000 	/System/Library/PrivateFrameworks/MultitouchSupport.framework/Versions/A/MultitouchSupport
0x00007fff6e156000 	/usr/lib/libenergytrace.dylib
0x00007fff390bc000 	/System/Library/Frameworks/IOKit.framework/Versions/A/IOKit
0x00007fff376ae000 	/System/Library/Frameworks/CoreServices.framework/Versions/A/CoreServices
0x00007fff5f602000 	/System/Library/PrivateFrameworks/PerformanceAnalysis.framework/Versions/A/PerformanceAnalysis
0x00007fff40e48000 	/System/Library/Frameworks/OpenGL.framework/Versions/A/OpenGL
0x00007fff6f225000 	/usr/lib/libobjc.A.dylib
0x00007fff35432000 	/System/Library/Frameworks/ColorSync.framework/Versions/A/ColorSync
0x00007fff362c6000 	/System/Library/Frameworks/CoreFoundation.framework/Versions/A/CoreFoundation
0x00007fff36dca000 	/System/Library/Frameworks/CoreImage.framework/Versions/A/CoreImage
0x00007fff38121000 	/System/Library/Frameworks/CoreText.framework/Versions/A/CoreText
0x00007fff391f2000 	/System/Library/Frameworks/ImageIO.framework/Versions/A/ImageIO
0x00007fff6d6ab000 	/usr/lib/libc++.1.dylib
0x00007fff6d727000 	/usr/lib/libcompression.dylib
0x00007fff6d233000 	/usr/lib/libMobileGestalt.dylib
0x00007fff67145000 	/System/Library/PrivateFrameworks/TextureIO.framework/Versions/A/TextureIO
0x00007fff6d52a000 	/usr/lib/libate.dylib
0x00007fff5b5db000 	/System/Library/PrivateFrameworks/InternationalSupport.framework/Versions/A/InternationalSupport
0x00007fff701c2000 	/usr/lib/system/libcache.dylib
0x00007fff701c8000 	/usr/lib/system/libcommonCrypto.dylib
0x00007fff701d4000 	/usr/lib/system/libcompiler_rt.dylib
0x00007fff701dc000 	/usr/lib/system/libcopyfile.dylib
0x00007fff701e6000 	/usr/lib/system/libcorecrypto.dylib
0x00007fff70385000 	/usr/lib/system/libdispatch.dylib
0x00007fff703c6000 	/usr/lib/system/libdyld.dylib
0x00007fff703fd000 	/usr/lib/system/libkeymgr.dylib
0x00007fff7040b000 	/usr/lib/system/liblaunch.dylib
0x00007fff7040c000 	/usr/lib/system/libmacho.dylib
0x00007fff70412000 	/usr/lib/system/libquarantine.dylib
0x00007fff70415000 	/usr/lib/system/libremovefile.dylib
0x00007fff70417000 	/usr/lib/system/libsystem_asl.dylib
0x00007fff7042f000 	/usr/lib/system/libsystem_blocks.dylib
0x00007fff70430000 	/usr/lib/system/libsystem_c.dylib
0x00007fff704b8000 	/usr/lib/system/libsystem_configuration.dylib
0x00007fff704bc000 	/usr/lib/system/libsystem_coreservices.dylib
0x00007fff704c0000 	/usr/lib/system/libsystem_darwin.dylib
0x00007fff704c9000 	/usr/lib/system/libsystem_dnssd.dylib
0x00007fff704d1000 	/usr/lib/system/libsystem_featureflags.dylib
0x00007fff704d3000 	/usr/lib/system/libsystem_info.dylib
0x00007fff7054e000 	/usr/lib/system/libsystem_m.dylib
0x00007fff70596000 	/usr/lib/system/libsystem_malloc.dylib
0x00007fff705be000 	/usr/lib/system/libsystem_networkextension.dylib
0x00007fff705cc000 	/usr/lib/system/libsystem_notify.dylib
0x00007fff705ea000 	/usr/lib/system/libsystem_sandbox.dylib
0x00007fff705ef000 	/usr/lib/system/libsystem_secinit.dylib
0x00007fff70521000 	/usr/lib/system/libsystem_kernel.dylib
0x00007fff705d6000 	/usr/lib/system/libsystem_platform.dylib
0x00007fff705df000 	/usr/lib/system/libsystem_pthread.dylib
0x00007fff705f2000 	/usr/lib/system/libsystem_symptoms.dylib
0x00007fff705fa000 	/usr/lib/system/libsystem_trace.dylib
0x00007fff70612000 	/usr/lib/system/libunwind.dylib
0x00007fff70618000 	/usr/lib/system/libxpc.dylib
0x00007fff6d6fe000 	/usr/lib/libc++abi.dylib
0x00007fff6e502000 	/usr/lib/liblzma.5.dylib
0x00007fff6e17d000 	/usr/lib/libfakelink.dylib
0x00007fff6d4b7000 	/usr/lib/libarchive.2.dylib
0x00007fff43ccc000 	/System/Library/Frameworks/SystemConfiguration.framework/Versions/A/SystemConfiguration
0x00007fff6ce22000 	/usr/lib/libCRFSuite.dylib
0x00007fff34b35000 	/System/Library/Frameworks/CFNetwork.framework/Versions/A/CFNetwork
0x00007fff6d68d000 	/usr/lib/libbsm.0.dylib
0x00007fff703fe000 	/usr/lib/system/libkxld.dylib
0x00007fff49c0b000 	/System/Library/PrivateFrameworks/AppleFSCompression.framework/Versions/A/AppleFSCompression
0x00007fff6da18000 	/usr/lib/libcoretls.dylib
0x00007fff6da2f000 	/usr/lib/libcoretls_cfhelpers.dylib
0x00007fff6f26b000 	/usr/lib/libpam.2.dylib
0x00007fff6f3a0000 	/usr/lib/libsqlite3.dylib
0x00007fff6f7df000 	/usr/lib/libxar.1.dylib
0x00007fff6d69e000 	/usr/lib/libbz2.1.0.dylib
0x00007fff6e19e000 	/usr/lib/libiconv.2.dylib
0x00007fff6d714000 	/usr/lib/libcharset.1.dylib
0x00007fff6ed08000 	/usr/lib/libnetwork.dylib
0x00007fff6f272000 	/usr/lib/libpcap.A.dylib
0x00007fff6d46c000 	/usr/lib/libapple_nghttp2.dylib
0x00007fff37a65000 	/System/Library/Frameworks/CoreServices.framework/Versions/A/Frameworks/FSEvents.framework/Versions/A/FSEvents
0x00007fff37735000 	/System/Library/Frameworks/CoreServices.framework/Versions/A/Frameworks/CarbonCore.framework/Versions/A/CarbonCore
0x00007fff37ca9000 	/System/Library/Frameworks/CoreServices.framework/Versions/A/Frameworks/Metadata.framework/Versions/A/Metadata
0x00007fff37d42000 	/System/Library/Frameworks/CoreServices.framework/Versions/A/Frameworks/OSServices.framework/Versions/A/OSServices
0x00007fff37d70000 	/System/Library/Frameworks/CoreServices.framework/Versions/A/Frameworks/SearchKit.framework/Versions/A/SearchKit
0x00007fff376af000 	/System/Library/Frameworks/CoreServices.framework/Versions/A/Frameworks/AE.framework/Versions/A/AE
0x00007fff37a6e000 	/System/Library/Frameworks/CoreServices.framework/Versions/A/Frameworks/LaunchServices.framework/Versions/A/LaunchServices
0x00007fff37a17000 	/System/Library/Frameworks/CoreServices.framework/Versions/A/Frameworks/DictionaryServices.framework/Versions/A/DictionaryServices
0x00007fff37dd8000 	/System/Library/Frameworks/CoreServices.framework/Versions/A/Frameworks/SharedFileList.framework/Versions/A/SharedFileList
0x00007fff3cc67000 	/System/Library/Frameworks/NetFS.framework/Versions/A/NetFS
0x00007fff5d97a000 	/System/Library/PrivateFrameworks/NetAuth.framework/Versions/A/NetAuth
0x00007fff6a302000 	/System/Library/PrivateFrameworks/login.framework/Versions/A/Frameworks/loginsupport.framework/Versions/A/loginsupport
0x00007fff66c10000 	/System/Library/PrivateFrameworks/TCC.framework/Versions/A/TCC
0x00007fff4e83c000 	/System/Library/PrivateFrameworks/CoreNLP.framework/Versions/A/CoreNLP
0x00007fff5ce4f000 	/System/Library/PrivateFrameworks/MetadataUtilities.framework/Versions/A/MetadataUtilities
0x00007fff6e5da000 	/usr/lib/libmecabra.dylib
0x00007fff6e532000 	/usr/lib/libmecab.dylib
0x00007fff6e18e000 	/usr/lib/libgermantok.dylib
0x00007fff6d453000 	/usr/lib/libThaiTokenizer.dylib
0x00007fff6ce59000 	/usr/lib/libChineseTokenizer.dylib
0x00007fff31f65000 	/System/Library/Frameworks/Accelerate.framework/Versions/A/Frameworks/vImage.framework/Versions/A/vImage
0x00007fff333cf000 	/System/Library/Frameworks/Accelerate.framework/Versions/A/Frameworks/vecLib.framework/Versions/A/vecLib
0x00007fff3330c000 	/System/Library/Frameworks/Accelerate.framework/Versions/A/Frameworks/vecLib.framework/Versions/A/libvMisc.dylib
0x00007fff33134000 	/System/Library/Frameworks/Accelerate.framework/Versions/A/Frameworks/vecLib.framework/Versions/A/libvDSP.dylib
0x00007fff325bc000 	/System/Library/Frameworks/Accelerate.framework/Versions/A/Frameworks/vecLib.framework/Versions/A/libBLAS.dylib
0x00007fff32cf8000 	/System/Library/Frameworks/Accelerate.framework/Versions/A/Frameworks/vecLib.framework/Versions/A/libLAPACK.dylib
0x00007fff33094000 	/System/Library/Frameworks/Accelerate.framework/Versions/A/Frameworks/vecLib.framework/Versions/A/libLinearAlgebra.dylib
0x00007fff33121000 	/System/Library/Frameworks/Accelerate.framework/Versions/A/Frameworks/vecLib.framework/Versions/A/libSparseBLAS.dylib
0x00007fff330aa000 	/System/Library/Frameworks/Accelerate.framework/Versions/A/Frameworks/vecLib.framework/Versions/A/libQuadrature.dylib
0x00007fff32824000 	/System/Library/Frameworks/Accelerate.framework/Versions/A/Frameworks/vecLib.framework/Versions/A/libBNNS.dylib
0x00007fff330b0000 	/System/Library/Frameworks/Accelerate.framework/Versions/A/Frameworks/vecLib.framework/Versions/A/libSparse.dylib
0x00007fff5b9c3000 	/System/Library/PrivateFrameworks/LanguageModeling.framework/Versions/A/LanguageModeling
0x00007fff4e1ec000 	/System/Library/PrivateFrameworks/CoreEmoji.framework/Versions/A/CoreEmoji
0x00007fff5bae1000 	/System/Library/PrivateFrameworks/LinguisticData.framework/Versions/A/LinguisticData
0x00007fff5ba92000 	/System/Library/PrivateFrameworks/Lexicon.framework/Versions/A/Lexicon
0x00007fff6d715000 	/usr/lib/libcmph.dylib
0x00007fff3f856000 	/System/Library/Frameworks/OpenDirectory.framework/Versions/A/Frameworks/CFOpenDirectory.framework/Versions/A/CFOpenDirectory
0x00007fff3f873000 	/System/Library/Frameworks/OpenDirectory.framework/Versions/A/OpenDirectory
0x00007fff47cb6000 	/System/Library/PrivateFrameworks/APFS.framework/Versions/A/APFS
0x00007fff42f65000 	/System/Library/Frameworks/SecurityFoundation.framework/Versions/A/SecurityFoundation
0x00007fff6f7db000 	/usr/lib/libutil.dylib
0x00007fff4f721000 	/System/Library/PrivateFrameworks/CoreServicesStore.framework/Versions/A/CoreServicesStore
0x00007fff4301c000 	/System/Library/Frameworks/ServiceManagement.framework/Versions/A/ServiceManagement
0x00007fff4b3db000 	/System/Library/PrivateFrameworks/BackgroundTaskManagement.framework/Versions/A/BackgroundTaskManagement
0x00007fff6f8d8000 	/usr/lib/libxslt.1.dylib
0x00007fff4a27e000 	/System/Library/PrivateFrameworks/AppleSystemInfo.framework/Versions/A/AppleSystemInfo
0x00007fff3940d000 	/System/Library/Frameworks/ImageIO.framework/Versions/A/Resources/libJPEG.dylib
0x00007fff396cb000 	/System/Library/Frameworks/ImageIO.framework/Versions/A/Resources/libTIFF.dylib
0x00007fff396ae000 	/System/Library/Frameworks/ImageIO.framework/Versions/A/Resources/libPng.dylib
0x00007fff3934f000 	/System/Library/Frameworks/ImageIO.framework/Versions/A/Resources/libGIF.dylib
0x00007fff39353000 	/System/Library/Frameworks/ImageIO.framework/Versions/A/Resources/libJP2.dylib
0x00007fff396c9000 	/System/Library/Frameworks/ImageIO.framework/Versions/A/Resources/libRadiance.dylib
0x00007fff6e157000 	/usr/lib/libexpat.1.dylib
0x00007fff49d66000 	/System/Library/PrivateFrameworks/AppleJPEG.framework/Versions/A/AppleJPEG
0x00007fff52a37000 	/System/Library/PrivateFrameworks/FontServices.framework/libFontParser.dylib
0x00007fff69304000 	/System/Library/PrivateFrameworks/WatchdogClient.framework/Versions/A/WatchdogClient
0x00007fff5b01e000 	/System/Library/PrivateFrameworks/IOAccelerator.framework/Versions/A/IOAccelerator
0x00007fff3bbd8000 	/System/Library/Frameworks/MetalPerformanceShaders.framework/Versions/A/MetalPerformanceShaders
0x00007fff577b4000 	/System/Library/PrivateFrameworks/GPUWrangler.framework/Versions/A/GPUWrangler
0x00007fff5b033000 	/System/Library/PrivateFrameworks/IOPresentment.framework/Versions/A/IOPresentment
0x00007fff502a1000 	/System/Library/PrivateFrameworks/DSExternalDisplay.framework/Versions/A/DSExternalDisplay
0x00007fff401e7000 	/System/Library/Frameworks/OpenGL.framework/Versions/A/Libraries/libCoreFSCache.dylib
0x00007fff3b924000 	/System/Library/Frameworks/MetalPerformanceShaders.framework/Frameworks/MPSCore.framework/Versions/A/MPSCore
0x00007fff3b962000 	/System/Library/Frameworks/MetalPerformanceShaders.framework/Frameworks/MPSImage.framework/Versions/A/MPSImage
0x00007fff3ba29000 	/System/Library/Frameworks/MetalPerformanceShaders.framework/Frameworks/MPSNeuralNetwork.framework/Versions/A/MPSNeuralNetwork
0x00007fff3b9ed000 	/System/Library/Frameworks/MetalPerformanceShaders.framework/Frameworks/MPSMatrix.framework/Versions/A/MPSMatrix
0x00007fff3bb88000 	/System/Library/Frameworks/MetalPerformanceShaders.framework/Frameworks/MPSRayIntersector.framework/Versions/A/MPSRayIntersector
0x00007fff3ba13000 	/System/Library/Frameworks/MetalPerformanceShaders.framework/Frameworks/MPSNDArray.framework/Versions/A/MPSNDArray
0x00007fff5ce9c000 	/System/Library/PrivateFrameworks/MetalTools.framework/Versions/A/MetalTools
0x00007fff48e90000 	/System/Library/PrivateFrameworks/AggregateDictionary.framework/Versions/A/AggregateDictionary
0x00007fff4dc34000 	/System/Library/PrivateFrameworks/CoreAnalytics.framework/Versions/A/CoreAnalytics
0x00007fff4a19d000 	/System/Library/PrivateFrameworks/AppleSauce.framework/Versions/A/AppleSauce
0x00007fff6d115000 	/usr/lib/libIOReport.dylib
0x00007fff382d9000 	/System/Library/Frameworks/CoreVideo.framework/Versions/A/CoreVideo
0x00007fff58c2d000 	/System/Library/PrivateFrameworks/GraphVisualizer.framework/Versions/A/GraphVisualizer
0x00007fff51f7d000 	/System/Library/PrivateFrameworks/FaceCore.framework/Versions/A/FaceCore
0x00007fff3f7fd000 	/System/Library/Frameworks/OpenCL.framework/Versions/A/OpenCL
0x00007fff6cf37000 	/usr/lib/libFosl_dynamic.dylib
0x00007fff5e39a000 	/System/Library/PrivateFrameworks/OTSVG.framework/Versions/A/OTSVG
0x00007fff3448e000 	/System/Library/Frameworks/ApplicationServices.framework/Versions/A/Frameworks/ATS.framework/Versions/A/Resources/libFontRegistry.dylib
0x00007fff52c08000 	/System/Library/PrivateFrameworks/FontServices.framework/libhvf.dylib
0x00007fff401f2000 	/System/Library/Frameworks/OpenGL.framework/Versions/A/Libraries/libGFXShared.dylib
0x00007fff403d0000 	/System/Library/Frameworks/OpenGL.framework/Versions/A/Libraries/libGLU.dylib
0x00007fff401fb000 	/System/Library/Frameworks/OpenGL.framework/Versions/A/Libraries/libGL.dylib
0x00007fff40206000 	/System/Library/Frameworks/OpenGL.framework/Versions/A/Libraries/libGLImage.dylib
0x00007fff401e4000 	/System/Library/Frameworks/OpenGL.framework/Versions/A/Libraries/libCVMSPluginSupport.dylib
0x00007fff401ed000 	/System/Library/Frameworks/OpenGL.framework/Versions/A/Libraries/libCoreVMClient.dylib
0x00007fff6eba9000 	/usr/lib/libncurses.5.4.dylib
0x00007fff3438a000 	/System/Library/Frameworks/ApplicationServices.framework/Versions/A/Frameworks/ATS.framework/Versions/A/ATS
0x00007fff34557000 	/System/Library/Frameworks/ApplicationServices.framework/Versions/A/Frameworks/ColorSyncLegacy.framework/Versions/A/ColorSyncLegacy
0x00007fff345f5000 	/System/Library/Frameworks/ApplicationServices.framework/Versions/A/Frameworks/HIServices.framework/Versions/A/HIServices
0x00007fff3464d000 	/System/Library/Frameworks/ApplicationServices.framework/Versions/A/Frameworks/LangAnalysis.framework/Versions/A/LangAnalysis
0x00007fff3465c000 	/System/Library/Frameworks/ApplicationServices.framework/Versions/A/Frameworks/PrintCore.framework/Versions/A/PrintCore
0x00007fff346a2000 	/System/Library/Frameworks/ApplicationServices.framework/Versions/A/Frameworks/QD.framework/Versions/A/QD
0x00007fff346ad000 	/System/Library/Frameworks/ApplicationServices.framework/Versions/A/Frameworks/SpeechSynthesis.framework/Versions/A/SpeechSynthesis
0x00007fff34527000 	/System/Library/Frameworks/ApplicationServices.framework/Versions/A/Frameworks/ATSUI.framework/Versions/A/ATSUI
0x00007fff6dfed000 	/usr/lib/libcups.2.dylib
0x00007fff3ac73000 	/System/Library/Frameworks/Kerberos.framework/Versions/A/Kerberos
0x00007fff38db5000 	/System/Library/Frameworks/GSS.framework/Versions/A/GSS
0x00007fff6f32c000 	/usr/lib/libresolv.9.dylib
0x00007fff58dda000 	/System/Library/PrivateFrameworks/Heimdal.framework/Versions/A/Heimdal
0x00007fff3ac86000 	/System/Library/Frameworks/Kerberos.framework/Versions/A/Libraries/libHeimdalProxy.dylib
0x00007fff6e194000 	/usr/lib/libheimdal-asn1.dylib
0x00007fff4d0cc000 	/System/Library/PrivateFrameworks/CommonAuth.framework/Versions/A/CommonAuth
0x00007fff4a31b000 	/System/Library/PrivateFrameworks/AssertionServices.framework/Versions/A/AssertionServices
0x00007fff4aebe000 	/System/Library/PrivateFrameworks/AudioToolboxCore.framework/Versions/A/AudioToolboxCore
0x00007fff69fb2000 	/System/Library/PrivateFrameworks/caulk.framework/Versions/A/caulk
0x00007fff4b487000 	/System/Library/PrivateFrameworks/BaseBoard.framework/Versions/A/BaseBoard
0x00007fff625fd000 	/System/Library/PrivateFrameworks/RunningBoardServices.framework/Versions/A/RunningBoardServices
0x00007fff5f60e000 	/System/Library/PrivateFrameworks/PersistentConnection.framework/Versions/A/PersistentConnection
0x00007fff61ff6000 	/System/Library/PrivateFrameworks/ProtocolBuffer.framework/Versions/A/ProtocolBuffer
0x00007fff4d0f0000 	/System/Library/PrivateFrameworks/CommonUtilities.framework/Versions/A/CommonUtilities
0x00007fff4b615000 	/System/Library/PrivateFrameworks/Bom.framework/Versions/A/Bom
0x00007fff6cde8000 	/usr/lib/libAudioToolboxUtility.dylib
0x00007fff4b3e5000 	/System/Library/PrivateFrameworks/Backup.framework/Versions/A/Backup
0x00007fff501c2000 	/System/Library/PrivateFrameworks/CrashReporterSupport.framework/Versions/A/CrashReporterSupport
0x00007fff6408f000 	/System/Library/PrivateFrameworks/Sharing.framework/Versions/A/Sharing
0x00007fff49929000 	/System/Library/PrivateFrameworks/Apple80211.framework/Versions/A/Apple80211
0x00007fff4b102000 	/System/Library/PrivateFrameworks/AuthKit.framework/Versions/A/AuthKit
0x00007fff4fecf000 	/System/Library/PrivateFrameworks/CoreUtils.framework/Versions/A/CoreUtils
0x00007fff3831e000 	/System/Library/Frameworks/CoreWLAN.framework/Versions/A/CoreWLAN
0x00007fff38f42000 	/System/Library/Frameworks/IOBluetooth.framework/Versions/A/IOBluetooth
0x00007fff5d1c9000 	/System/Library/PrivateFrameworks/MobileKeyBag.framework/Versions/A/MobileKeyBag
0x00007fff4ecd4000 	/System/Library/PrivateFrameworks/CorePhoneNumbers.framework/Versions/A/CorePhoneNumbers
0x00007fff49d19000 	/System/Library/PrivateFrameworks/AppleIDAuthSupport.framework/Versions/A/AppleIDAuthSupport
0x00007fff3cc74000 	/System/Library/Frameworks/Network.framework/Versions/A/Network
0x00007fff5b86f000 	/System/Library/PrivateFrameworks/KeychainCircle.framework/Versions/A/KeychainCircle
0x00007fff35d6f000 	/System/Library/Frameworks/CoreBluetooth.framework/Versions/A/CoreBluetooth
0x00007fff6610e000 	/System/Library/PrivateFrameworks/SpeechRecognitionCore.framework/Versions/A/SpeechRecognitionCore
0x000000010de00000 	/Library/Java/JavaVirtualMachines/jdk-11.0.10.jdk/Contents/Home/lib/server/libjvm.dylib
0x000000010d38f000 	/Library/Java/JavaVirtualMachines/jdk-11.0.10.jdk/Contents/Home/lib/libverify.dylib
0x000000010d4a5000 	/Library/Java/JavaVirtualMachines/jdk-11.0.10.jdk/Contents/Home/lib/libjava.dylib
0x000000010d4d1000 	/Library/Java/JavaVirtualMachines/jdk-11.0.10.jdk/Contents/Home/lib/libjimage.dylib
0x000000010d4df000 	/Library/Java/JavaVirtualMachines/jdk-11.0.10.jdk/Contents/Home/lib/libjdwp.dylib
0x000000010d51c000 	/Library/Java/JavaVirtualMachines/jdk-11.0.10.jdk/Contents/Home/lib/libinstrument.dylib
0x000000010d573000 	/Library/Java/JavaVirtualMachines/jdk-11.0.10.jdk/Contents/Home/lib/libzip.dylib
0x000000010d5df000 	/Library/Java/JavaVirtualMachines/jdk-11.0.10.jdk/Contents/Home/lib/libdt_socket.dylib
0x000000010d5e9000 	/Library/Java/JavaVirtualMachines/jdk-11.0.10.jdk/Contents/Home/lib/libnio.dylib
0x000000012f163000 	/Library/Java/JavaVirtualMachines/jdk-11.0.10.jdk/Contents/Home/lib/libnet.dylib
0x000000012f57d000 	/Library/Java/JavaVirtualMachines/jdk-11.0.10.jdk/Contents/Home/lib/libmanagement.dylib
0x000000012f587000 	/Library/Java/JavaVirtualMachines/jdk-11.0.10.jdk/Contents/Home/lib/libmanagement_ext.dylib
0x000000012f992000 	/private/var/folders/zs/3j4p5hk112l37t7blmp7p8000000gn/T/sqlite-3.30.1-ff7506fc-e964-4216-8168-a1db994b8b71-libsqlitejdbc.jnilib
0x000000012fa8f000 	/Library/Java/JavaVirtualMachines/jdk-11.0.10.jdk/Contents/Home/lib/libextnet.dylib
0x000000012fc96000 	/Library/Java/JavaVirtualMachines/jdk-11.0.10.jdk/Contents/Home/lib/libsunec.dylib


VM Arguments:
jvm_args: -agentlib:jdwp=transport=dt_socket,address=127.0.0.1:57044,suspend=y,server=n -javaagent:/Users/ianacosta/Library/Caches/JetBrains/IntelliJIdea2020.3/captureAgent/debugger-agent.jar -Dfile.encoding=UTF-8 
java_command: edu.brown.cs.student.yoki.Main
java_class_path (initial): /Users/ianacosta/Desktop/term-project-ale22-dli65-iacosta1-smatsush/target/classes:/Users/ianacosta/.m2/repository/net/sf/jopt-simple/jopt-simple/6.0-alpha-3/jopt-simple-6.0-alpha-3.jar:/Users/ianacosta/.m2/repository/junit/junit/4.13/junit-4.13.jar:/Users/ianacosta/.m2/repository/org/hamcrest/hamcrest-core/1.3/hamcrest-core-1.3.jar:/Users/ianacosta/.m2/repository/org/hamcrest/hamcrest-all/1.3/hamcrest-all-1.3.jar:/Users/ianacosta/.m2/repository/org/slf4j/slf4j-api/2.0.0-alpha1/slf4j-api-2.0.0-alpha1.jar:/Users/ianacosta/.m2/repository/org/slf4j/slf4j-jdk14/2.0.0-alpha1/slf4j-jdk14-2.0.0-alpha1.jar:/Users/ianacosta/.m2/repository/com/google/guava/guava/28.2-jre/guava-28.2-jre.jar:/Users/ianacosta/.m2/repository/com/google/guava/failureaccess/1.0.1/failureaccess-1.0.1.jar:/Users/ianacosta/.m2/repository/com/google/guava/listenablefuture/9999.0-empty-to-avoid-conflict-with-guava/listenablefuture-9999.0-empty-to-avoid-conflict-with-guava.jar:/Users/ianacosta/.m2/repository/com/google/code/findbugs/jsr305/3.0.2/jsr305-3.0.2.jar:/Users/ianacosta/.m2/repository/org/checkerframework/checker-qual/2.10.0/checker-qual-2.10.0.jar:/Users/ianacosta/.m2/repository/com/google/errorprone/error_prone_annotations/2.3.4/error_prone_annotations-2.3.4.jar:/Users/ianacosta/.m2/repository/com/google/j2objc/j2objc-annotations/1.3/j2objc-annotations-1.3.jar:/Users/ianacosta/.m2/repository/com/google/code/gson/gson/2.8.6/gson-2.8.6.jar:/Users/ianacosta/.m2/repository/com/vaadin/external/google/android-json/0.0.20131108.vaadin1/android-json-0.0.20131108.vaadin1.jar:/Users/ianacosta/.m2/repository/com/sparkjava/spark-core/2.9.1/spark-core-2.9.1.jar:/Users/ianacosta/.m2/repository/org/eclipse/jetty/jetty-server/9.4.18.v20190429/jetty-server-9.4.18.v20190429.jar:/Users/ianacosta/.m2/repository/javax/servlet/javax.servlet-api/3.1.0/javax.servlet-api-3.1.0.jar:/Users/ianacosta/.m2/repository/org/eclipse/jetty/jetty-http/9.4.18.v20190429/jetty-http-9.4.18.v20190429.jar:
Launcher Type: SUN_STANDARD

[Global flags]
     intx CICompilerCount                          = 3                                         {product} {ergonomic}
     uint ConcGCThreads                            = 1                                         {product} {ergonomic}
     uint G1ConcRefinementThreads                  = 4                                         {product} {ergonomic}
   size_t G1HeapRegionSize                         = 1048576                                   {product} {ergonomic}
    uintx GCDrainStackTargetSize                   = 64                                        {product} {ergonomic}
   size_t InitialHeapSize                          = 134217728                                 {product} {ergonomic}
   size_t MarkStackSize                            = 4194304                                   {product} {ergonomic}
   size_t MaxHeapSize                              = 2147483648                                {product} {ergonomic}
   size_t MaxNewSize                               = 1287651328                                {product} {ergonomic}
   size_t MinHeapDeltaBytes                        = 1048576                                   {product} {ergonomic}
    uintx NonNMethodCodeHeapSize                   = 5830732                                {pd product} {ergonomic}
    uintx NonProfiledCodeHeapSize                  = 122913754                              {pd product} {ergonomic}
    uintx ProfiledCodeHeapSize                     = 122913754                              {pd product} {ergonomic}
    uintx ReservedCodeCacheSize                    = 251658240                              {pd product} {ergonomic}
     bool SegmentedCodeCache                       = true                                      {product} {ergonomic}
     bool UseCompressedClassPointers               = true                                 {lp64_product} {ergonomic}
     bool UseCompressedOops                        = true                                 {lp64_product} {ergonomic}
     bool UseG1GC                                  = true                                      {product} {ergonomic}

Logging:
Log output configuration:
 #0: stdout all=warning uptime,level,tags
 #1: stderr all=off uptime,level,tags

Environment Variables:
JAVA_HOME=/Library/Java/JavaVirtualMachines/jdk-11.0.10.jdk/Contents/Home
PATH=/Library/Frameworks/Python.framework/Versions/3.7/bin:/usr/local/bin:/usr/bin:/bin:/usr/sbin:/sbin
SHELL=/bin/bash

Signal Handlers:
SIGSEGV: [libjvm.dylib+0x7976a8], sa_mask[0]=11111111011111110111111111111111, sa_flags=SA_ONSTACK|SA_RESTART|SA_SIGINFO
SIGBUS: [libjvm.dylib+0x7976a8], sa_mask[0]=11111111011111110111111111111111, sa_flags=SA_RESTART|SA_SIGINFO
SIGFPE: [libjvm.dylib+0x7976a8], sa_mask[0]=11111111011111110111111111111111, sa_flags=SA_RESTART|SA_SIGINFO
SIGPIPE: [libjvm.dylib+0x647bd7], sa_mask[0]=11111111011111110111111111111111, sa_flags=SA_RESTART|SA_SIGINFO
SIGXFSZ: [libjvm.dylib+0x647bd7], sa_mask[0]=11111111011111110111111111111111, sa_flags=SA_RESTART|SA_SIGINFO
SIGILL: [libjvm.dylib+0x7976a8], sa_mask[0]=11111111011111110111111111111111, sa_flags=SA_RESTART|SA_SIGINFO
SIGUSR2: [libjvm.dylib+0x6481c1], sa_mask[0]=00100000000000000000000000000000, sa_flags=SA_RESTART|SA_SIGINFO
SIGHUP: [libjvm.dylib+0x646c1f], sa_mask[0]=11111111011111110111111111111111, sa_flags=SA_RESTART|SA_SIGINFO
SIGINT: [libjvm.dylib+0x646c1f], sa_mask[0]=11111111011111110111111111111111, sa_flags=SA_RESTART|SA_SIGINFO
SIGTERM: [libjvm.dylib+0x646c1f], sa_mask[0]=11111111011111110111111111111111, sa_flags=SA_RESTART|SA_SIGINFO
SIGQUIT: [libjvm.dylib+0x646c1f], sa_mask[0]=11111111011111110111111111111111, sa_flags=SA_RESTART|SA_SIGINFO


---------------  S Y S T E M  ---------------

OS:uname:Darwin 19.6.0 Darwin Kernel Version 19.6.0: Thu Jun 18 20:49:00 PDT 2020; root:xnu-6153.141.1~1/RELEASE_X86_64 x86_64
rlimit: STACK 8192k, CORE 0k, NPROC 1392, NOFILE 10240, AS infinity, DATA infinity, FSIZE infinity
load average:3.56 3.11 2.81

CPU:total 4 (initial active 4) (2 cores per cpu, 2 threads per core) family 6 model 142 stepping 9 microcode 0xd6, cmov, cx8, fxsr, mmx, sse, sse2, sse3, ssse3, sse4.1, sse4.2, popcnt, avx, avx2, aes, clmul, erms, rtm, 3dnowpref, lzcnt, ht, tsc, tscinvbit, bmi1, bmi2, adx, fma

Memory: 4k page, physical 8388608k(29360k free)

vm_info: Java HotSpot(TM) 64-Bit Server VM (11.0.10+8-LTS-162) for bsd-amd64 JRE (11.0.10+8-LTS-162), built on Dec  8 2020 16:31:04 by "mach5one" with gcc 4.2.1 Compatible Apple LLVM 10.0.0 (clang-1000.11.45.5)

END.
